  adding: LICENSE (deflated 66%)
  adding: META-INF/ (stored 0%)
  adding: META-INF/com/ (stored 0%)
  adding: META-INF/com/google/ (stored 0%)
  adding: META-INF/com/google/android/ (stored 0%)
  adding: META-INF/com/google/android/update-binary (deflated 62%)
  adding: META-INF/com/google/android/updater-script (stored 0%)
  adding: audio/ (stored 0%)
  adding: audio/vendor/ (stored 0%)
  adding: audio/vendor/etc/ (stored 0%)
  adding: audio/vendor/etc/a2dp_audio_policy_configuration.xml (deflated 75%)
  adding: audio/vendor/etc/audio_configs.xml (deflated 79%)
  adding: audio/vendor/etc/audio_effects.conf (deflated 67%)
  adding: audio/vendor/etc/audio_effects.xml (deflated 71%)
  adding: audio/vendor/etc/audio_output_policy.conf (deflated 80%)
  adding: audio/vendor/lib/ (stored 0%)
  adding: audio/vendor/lib/soundfx/ (stored 0%)
  adding: audio/vendor/lib/soundfx/libasphere.so (deflated 58%)
  adding: audio/vendor/lib/soundfx/libaudioeffectoffload.so (deflated 54%)
  adding: audio/vendor/lib/soundfx/libaudiopreprocessing.so (deflated 53%)
  adding: audio/vendor/lib/soundfx/libbassboost.so (deflated 72%)
  adding: audio/vendor/lib/soundfx/libbeatsbass.so (deflated 30%)
  adding: audio/vendor/lib/soundfx/libbeatscorehtc.so (deflated 63%)
  adding: audio/vendor/lib/soundfx/libbundlewrapper.so (deflated 49%)
  adding: audio/vendor/lib/soundfx/libdirac.so (deflated 54%)
  adding: audio/vendor/lib/soundfx/libdownmix.so (deflated 63%)
  adding: audio/vendor/lib/soundfx/libdynproc.so (deflated 42%)
  adding: audio/vendor/lib/soundfx/libeffectproxy.so (deflated 72%)
  adding: audio/vendor/lib/soundfx/libequalizer.so (deflated 48%)
  adding: audio/vendor/lib/soundfx/libldnhncr.so (deflated 61%)
  adding: audio/vendor/lib/soundfx/liblivemusic.so (deflated 46%)
  adding: audio/vendor/lib/soundfx/libloudwrapper.so (deflated 46%)
  adding: audio/vendor/lib/soundfx/libmisoundfx.so (deflated 56%)
  adding: audio/vendor/lib/soundfx/libqcbassboost.so (deflated 41%)
  adding: audio/vendor/lib/soundfx/libqcompostprocbundle.so (deflated 50%)
  adding: audio/vendor/lib/soundfx/libqcomvisualizer.so (deflated 45%)
  adding: audio/vendor/lib/soundfx/libqcomvoiceprocessing.so (deflated 42%)
  adding: audio/vendor/lib/soundfx/libqcreverb.so (deflated 47%)
  adding: audio/vendor/lib/soundfx/libqcvirt.so (deflated 44%)
  adding: audio/vendor/lib/soundfx/libreverbwrapper.so (deflated 49%)
  adding: audio/vendor/lib/soundfx/libshoebox.so (deflated 57%)
  adding: audio/vendor/lib/soundfx/libvirtualizer.so (deflated 42%)
  adding: audio/vendor/lib/soundfx/libvisualizer.so (deflated 46%)
  adding: audio/vendor/lib/soundfx/libvolumelistener.so (deflated 51%)
  adding: audio/vendor/lib64/ (stored 0%)
  adding: audio/vendor/lib64/soundfx/ (stored 0%)
  adding: audio/vendor/lib64/soundfx/libasphere.so (deflated 78%)
  adding: audio/vendor/lib64/soundfx/libaudioeffectoffload.so (deflated 65%)
  adding: audio/vendor/lib64/soundfx/libaudiopreprocessing.so (deflated 65%)
  adding: audio/vendor/lib64/soundfx/libbassboost.so (deflated 72%)
  adding: audio/vendor/lib64/soundfx/libbeatsbass.so (deflated 30%)
  adding: audio/vendor/lib64/soundfx/libbeatscorehtc.so (deflated 63%)
  adding: audio/vendor/lib64/soundfx/libbundlewrapper.so (deflated 47%)
  adding: audio/vendor/lib64/soundfx/libdirac.so (deflated 64%)
  adding: audio/vendor/lib64/soundfx/libdownmix.so (deflated 63%)
  adding: audio/vendor/lib64/soundfx/libdynproc.so (deflated 56%)
  adding: audio/vendor/lib64/soundfx/libeffectproxy.so (deflated 75%)
  adding: audio/vendor/lib64/soundfx/libequalizer.so (deflated 48%)
  adding: audio/vendor/lib64/soundfx/libldnhncr.so (deflated 72%)
  adding: audio/vendor/lib64/soundfx/liblivemusic.so (deflated 46%)
  adding: audio/vendor/lib64/soundfx/libmisoundfx.so (deflated 53%)
  adding: audio/vendor/lib64/soundfx/libqcbassboost.so (deflated 51%)
  adding: audio/vendor/lib64/soundfx/libqcompostprocbundle.so (deflated 63%)
  adding: audio/vendor/lib64/soundfx/libqcomvisualizer.so (deflated 45%)
  adding: audio/vendor/lib64/soundfx/libqcomvoiceprocessing.so (deflated 52%)
  adding: audio/vendor/lib64/soundfx/libqcreverb.so (deflated 47%)
  adding: audio/vendor/lib64/soundfx/libqcvirt.so (deflated 44%)
  adding: audio/vendor/lib64/soundfx/libreverbwrapper.so (deflated 49%)
  adding: audio/vendor/lib64/soundfx/libshoebox.so (deflated 73%)
  adding: audio/vendor/lib64/soundfx/libvirtualizer.so (deflated 42%)
  adding: audio/vendor/lib64/soundfx/libvisualizer.so (deflated 50%)
  adding: audio/vendor/lib64/soundfx/libvolumelistener.so (deflated 69%)
  adding: common/ (stored 0%)
  adding: common/addon/ (stored 0%)
  adding: common/addon/Volume-Key-Selector/ (stored 0%)
  adding: common/addon/Volume-Key-Selector/README.md (deflated 42%)
  adding: common/addon/Volume-Key-Selector/install.sh (deflated 58%)
  adding: common/addon/Volume-Key-Selector/preinstall.sh (deflated 58%)
  adding: common/addon/Volume-Key-Selector/tools/ (stored 0%)
  adding: common/addon/Volume-Key-Selector/tools/arm/ (stored 0%)
  adding: common/addon/Volume-Key-Selector/tools/arm/keycheck (deflated 37%)
  adding: common/addon/Volume-Key-Selector/tools/x86/ (stored 0%)
  adding: common/addon/Volume-Key-Selector/tools/x86/keycheck (deflated 57%)
  adding: common/functions.sh (deflated 68%)
  adding: common/install.sh (deflated 78%)
  adding: compile.sh (deflated 78%)
  adding: customize.sh (deflated 68%)
  adding: gmszt/ (stored 0%)
  adding: gmszt/10/ (stored 0%)
  adding: gmszt/10/google.xml (deflated 70%)
  adding: gmszt/6/ (stored 0%)
  adding: gmszt/6/google.xml (deflated 70%)
  adding: gmszt/7/ (stored 0%)
  adding: gmszt/7/google.xml (deflated 70%)
  adding: gmszt/8/ (stored 0%)
  adding: gmszt/8/google.xml (deflated 70%)
  adding: gmszt/9/ (stored 0%)
  adding: gmszt/9/google.xml (deflated 70%)
  adding: lavender/ (stored 0%)
  adding: lavender/lib/ (stored 0%)
  adding: lavender/lib/android.hardware.thermal@1.0.so (deflated 60%)
  adding: lavender/lib64/ (stored 0%)
  adding: lavender/lib64/android.hardware.thermal@1.0.so (deflated 80%)
  adding: lavender/lib64/android.hardware.thermal@1.1.so (deflated 75%)
  adding: lavender/vendor/ (stored 0%)
  adding: lavender/vendor/etc/ (stored 0%)
  adding: lavender/vendor/etc/thermal-engine-normal.conf (deflated 75%)
  adding: mode/ (stored 0%)
  adding: mode/analytics (deflated 83%)
  adding: mode/autoperf (deflated 80%)
  adding: mode/battery (deflated 71%)
  adding: mode/gaming (deflated 71%)
  adding: mode/gms (deflated 66%)
  adding: mode/OTUe (deflated 58%)
  adding: module.prop (deflated 24%)
  adding: post-fs-data.sh (stored 0%)
  adding: service.sh (deflated 35%)
  adding: system.prop (deflated 57%)
  adding: uninstall.sh (deflated 43%)
